[11476:17804:0116/201234.400:WARNING:chrome_main_delegate.cc(745)] This is Chrome version 128.0.6613.138 (not a warning)
[11476:17804:0116/201234.499:WARNING:account_consistency_mode_manager.cc(77)] Desktop Identity Consistency cannot be enabled as no OAuth client ID and client secret have been configured.
[11476:17804:0116/201236.719:WARNING:external_registry_loader_win.cc(232)] Error observing HKLM: 5
[11476:5316:0116/201236.732:WARNING:leveldb_database.cc(141)] Unable to open D:\Unreal Projects\GAM-303\GAM_303\Saved\webcache_6613\Default\shared_proto_db\metadata: IO error: D:\Unreal Projects\GAM-303\GAM_303\Saved\webcache_6613\Default\shared_proto_db\metadata/MANIFEST-000001: Unable to create sequential file (ChromeMethodBFE: 7::NewSequentialFile::1)
[11476:5316:0116/201236.734:WARNING:leveldb_database.cc(141)] Unable to open D:\Unreal Projects\GAM-303\GAM_303\Saved\webcache_6613\Default\shared_proto_db\metadata: IO error: D:\Unreal Projects\GAM-303\GAM_303\Saved\webcache_6613\Default\shared_proto_db\metadata/MANIFEST-000001: Unable to create sequential file (ChromeMethodBFE: 7::NewSequentialFile::1)
[11476:5316:0116/201236.736:WARNING:leveldb_database.cc(141)] Unable to open D:\Unreal Projects\GAM-303\GAM_303\Saved\webcache_6613\Default\shared_proto_db\metadata: IO error: D:\Unreal Projects\GAM-303\GAM_303\Saved\webcache_6613\Default\shared_proto_db\metadata/MANIFEST-000001: Unable to create sequential file (ChromeMethodBFE: 7::NewSequentialFile::1)
[11476:5316:0116/201236.738:WARNING:leveldb_database.cc(141)] Unable to open D:\Unreal Projects\GAM-303\GAM_303\Saved\webcache_6613\Default\shared_proto_db\metadata: IO error: D:\Unreal Projects\GAM-303\GAM_303\Saved\webcache_6613\Default\shared_proto_db\metadata/MANIFEST-000001: Unable to create sequential file (ChromeMethodBFE: 7::NewSequentialFile::1)
[11476:6140:0116/201237.200:WARNING:value_store_frontend.cc(47)] Reading ahfgeienlihckogmohjhadlkjgocpleb.alarms from  failed: IO error: .../MANIFEST-000001: Unable to create sequential file (ChromeMethodBFE: 7::NewSequentialFile::1)
[11476:6140:0116/201237.201:WARNING:value_store_frontend.cc(47)] Reading mhjfbmdgcfjbbpaeojofohoefgiehjai.alarms from  failed: IO error: .../MANIFEST-000001: Unable to create sequential file (ChromeMethodBFE: 7::NewSequentialFile::1)
[18700:7496:0116/201238.407:WARNING:frame_impl.cc(430)] virtual CefFrameImpl::SendProcessMessage sent to detached frame 5-CDAF2D7F815A562F2C2EBB75C1498AD4 will be ignored
[26652:28236:0116/201241.748:ERROR:ssl_client_socket_impl.cc(882)] handshake failed; returned -1, SSL error code 1, net_error -107
[26652:28236:0116/201243.457:ERROR:ssl_client_socket_impl.cc(882)] handshake failed; returned -1, SSL error code 1, net_error -107
[11476:28484:0116/201244.509:WARNING:leveldb_database.cc(141)] Unable to open D:\Unreal Projects\GAM-303\GAM_303\Saved\webcache_6613\Default\GCM Store\Encryption: IO error: D:\Unreal Projects\GAM-303\GAM_303\Saved\webcache_6613\Default\GCM Store\Encryption/MANIFEST-000001: Unable to create sequential file (ChromeMethodBFE: 7::NewSequentialFile::1)
[26652:28236:0116/201256.469:ERROR:ssl_client_socket_impl.cc(882)] handshake failed; returned -1, SSL error code 1, net_error -107
[26652:28236:0116/201310.038:ERROR:ssl_client_socket_impl.cc(882)] handshake failed; returned -1, SSL error code 1, net_error -103
[26652:28236:0116/210641.376:ERROR:ssl_client_socket_impl.cc(882)] handshake failed; returned -1, SSL error code 1, net_error -107
[26652:28236:0116/210641.981:ERROR:ssl_client_socket_impl.cc(882)] handshake failed; returned -1, SSL error code 1, net_error -107
[26652:28236:0116/210650.971:ERROR:ssl_client_socket_impl.cc(882)] handshake failed; returned -1, SSL error code 1, net_error -107
[26652:28236:0116/210700.987:ERROR:ssl_client_socket_impl.cc(882)] handshake failed; returned -1, SSL error code 1, net_error -107
[11476:17804:0116/210730.115:WARNING:pref_notifier_impl.cc(41)] Pref observer for media_router.cast_allow_all_ips found at shutdown.
